Running 'gradlew :app:bundleRelease' in /home/expo/workingdir/build/frontend/android
Downloading https://services.gradle.org/distributions/gradle-8.14.3-bin.zip
10%.
20%.
30%.
40%.
50
%.
60%.
70
%.
80
%.
90%.
100%
Welcome to Gradle 8.14.3!
Here are the highlights of this release:
 - Java 24 support
 - GraalVM Native Image toolchain selection
- Enhancements to test reporting
 - Build Authoring improvements
For more details see https://docs.gradle.org/8.14.3/release-notes.html
To honour the JVM settings for this build a single-use Daemon process will be forked. For more on this, please refer to https://docs.gradle.org/8.14.3/userguide/gradle_daemon.html#sec:disabling_the_daemon in the Gradle documentation.
Daemon will be stopped at the end of the build
> Configure project :expo-gradle-plugin:expo-autolinking-plugin
w: file:///home/expo/workingdir/build/frontend/node_modules/expo-modules-autolinking/android/expo-gradle-plugin/expo-autolinking-plugin/build.gradle.kts:25:3: 'kotlinOptions(KotlinJvmOptionsDeprecated /* = KotlinJvmOptions */.() -> Unit): Unit' is deprecated. Please migrate to the compilerOptions DSL. More details are here: https://kotl.in/u1r8ln
> Configure project :expo-gradle-plugin:expo-autolinking-settings-plugin
w: file:///home/expo/workingdir/build/frontend/node_modules/expo-modules-autolinking/android/expo-gradle-plugin/expo-autolinking-settings-plugin/build.gradle.kts:30:3: 'kotlinOptions(KotlinJvmOptionsDeprecated /* = KotlinJvmOptions */.() -> Unit): Unit' is deprecated. Please migrate to the compilerOptions DSL. More details are here: https://kotl.in/u1r8ln
> Task :gradle-plugin:shared:checkKotlinGradlePluginConfigurationErrors SKIPPED
> Task :gradle-plugin:settings-plugin:checkKotlinGradlePluginConfigurationErrors SKIPPED
> Task :expo-gradle-plugin:expo-autolinking-settings-plugin:checkKotlinGradlePluginConfigurationErrors SKIPPED
> Task :expo-gradle-plugin:expo-autolinking-plugin-shared:checkKotlinGradlePluginConfigurationErrors SKIPPED
> Task :expo-gradle-plugin:expo-autolinking-settings-plugin:pluginDescriptors
> Task :gradle-plugin:settings-plugin:pluginDescriptors
> Task :expo-gradle-plugin:expo-autolinking-settings-plugin:processResources
> Task :gradle-plugin:settings-plugin:processResources
> Task :expo-gradle-plugin:expo-autolinking-plugin-shared:processResources NO-SOURCE
> Task :gradle-plugin:shared:processResources NO-SOURCE
> Task :gradle-plugin:shared:compileKotlin
> Task :gradle-plugin:shared:compileJava NO-SOURCE
> Task :gradle-plugin:shared:classes UP-TO-DATE
> Task :gradle-plugin:shared:jar
> Task :expo-gradle-plugin:expo-autolinking-plugin-shared:compileKotlin
> Task :expo-gradle-plugin:expo-autolinking-plugin-shared:compileJava NO-SOURCE
> Task :expo-gradle-plugin:expo-autolinking-plugin-shared:classes UP-TO-DATE
> Task :expo-gradle-plugin:expo-autolinking-plugin-shared:jar
> Task :gradle-plugin:settings-plugin:compileKotlin
> Task :gradle-plugin:settings-plugin:compileJava
NO-SOURCE
> Task :gradle-plugin:settings-plugin:classes
> Task :gradle-plugin:settings-plugin:jar
> Task :expo-gradle-plugin:expo-autolinking-settings-plugin:compileKotlin
> Task :expo-gradle-plugin:expo-autolinking-settings-plugin:compileJava NO-SOURCE
> Task :expo-gradle-plugin:expo-autolinking-settings-plugin:classes
> Task :expo-gradle-plugin:expo-autolinking-settings-plugin:jar
> Configure project :expo-module-gradle-plugin
w: file:///home/expo/workingdir/build/frontend/node_modules/expo-modules-core/expo-module-gradle-plugin/build.gradle.kts:58:3: 'kotlinOptions(KotlinJvmOptionsDeprecated /* = KotlinJvmOptions */.() -> Unit): Unit' is deprecated. Please migrate to the compilerOptions DSL. More details are here: https://kotl.in/u1r8ln
> Task :expo-gradle-plugin:expo-autolinking-plugin:checkKotlinGradlePluginConfigurationErrors SKIPPED
> Task :gradle-plugin:react-native-gradle-plugin:checkKotlinGradlePluginConfigurationErrors SKIPPED
> Task :expo-module-gradle-plugin:checkKotlinGradlePluginConfigurationErrors SKIPPED
> Task :expo-module-gradle-plugin:pluginDescriptors
> Task :expo-module-gradle-plugin:processResources
> Task :expo-gradle-plugin:expo-autolinking-plugin:pluginDescriptors
> Task :expo-gradle-plugin:expo-autolinking-plugin:processResources
> Task :expo-gradle-plugin:expo-autolinking-plugin:compileKotlin
> Task :expo-gradle-plugin:expo-autolinking-plugin:compileJava NO-SOURCE
> Task :expo-gradle-plugin:expo-autolinking-plugin:classes
> Task :expo-gradle-plugin:expo-autolinking-plugin:jar
> Task :gradle-plugin:react-native-gradle-plugin:pluginDescriptors
> Task :gradle-plugin:react-native-gradle-plugin:processResources
> Task :gradle-plugin:react-native-gradle-plugin:compileKotlin
> Task :gradle-plugin:react-native-gradle-plugin:compileJava NO-SOURCE
> Task :gradle-plugin:react-native-gradle-plugin:classes
> Task :gradle-plugin:react-native-gradle-plugin:jar
> Task :expo-module-gradle-plugin:compileKotlin
w: file:///home/expo/workingdir/build/frontend/node_modules/expo-modules-core/expo-module-gradle-plugin/src/main/kotlin/expo/modules/plugin/android/AndroidLibraryExtension.kt:9:24 'var targetSdk: Int?' is deprecated. Will be removed from library DSL in v9.0. Use testOptions.targetSdk or/and lint.targetSdk instead.
> Task :expo-module-gradle-plugin:compileJava NO-SOURCE
> Task :expo-module-gradle-plugin:classes
> Task :expo-module-gradle-plugin:jar
> Configure project :
[32m[ExpoRootProject][0m Using the following versions:
- buildTools:  [32m36.0.0[0m
  - minSdk:      [32m24[0m
  - compileSdk:  [32m36[0m
  - targetSdk:   [32m36[0m
  - ndk:         [32m27.1.12297006[0m
  - kotlin:      [32m2.1.20[0m
  - ksp:         [32m2.1.20-2.0.1[0m
> Configure project :expo
Using expo modules
  - [32mexpo-constants[0m (17.1.8)
  - [32mexpo-modules-core[0m (3.0.29)
- [33m[ðŸ“¦][0m [32mexpo-asset[0m (12.0.12)
  - [33m[ðŸ“¦][0m [32mexpo-blur[0m (14.1.5)
  - [33m[ðŸ“¦][0m [32mexpo-file-system[0m (19.0.21)
  - [33m[ðŸ“¦][0m [32mexpo-font[0m (13.3.2)
  - [33m[ðŸ“¦][0m [32mexpo-haptics[0m (14.1.4)
  - [33m[ðŸ“¦][0m [32mexpo-image[0m (2.4.1)
  - [33m[ðŸ“¦][0m [32mexpo-keep-awake[0m (15.0.8)
  - [33m[ðŸ“¦][0m [32mexpo-linear-gradient[0m (15.0.8)
  - [33m[ðŸ“¦][0m [32mexpo-linking[0m (7.1.7)
  - [33m[ðŸ“¦][0m [32mexpo-splash-screen[0m (0.30.10)
  - [33m[ðŸ“¦][0m [32mexpo-system-ui[0m (5.0.11)
  - [33m[ðŸ“¦][0m [32mexpo-web-browser[0m (14.2.0)
> Configure project :react-native-reanimated
Android gradle plugin: 8.11.0
Gradle: 8.14.3
Checking the license for package Android SDK Build-Tools 36 in /home/expo/Android/Sdk/licenses
License for package Android SDK Build-Tools 36 accepted.
Preparing "Install Android SDK Build-Tools 36 v.36.0.0".
"Install Android SDK Build-Tools 36 v.36.0.0" ready.
Installing Android SDK Build-Tools 36 in /home/expo/Android/Sdk/build-tools/36.0.0
"Install Android SDK Build-Tools 36 v.36.0.0" complete.
"Install Android SDK Build-Tools 36 v.36.0.0" finished.
[=========                              ] 25%                                   [=========                              ] 25% Fetch remote repository...        [=======================================] 100% Fetch remote repository...
> Task :expo-modules-core:preBuild UP-TO-DATE
> Task :expo-constants:createExpoConfig
> Task :expo-constants:preBuild
The NODE_ENV environment variable is required but was not specified. Ensure the project is bundled with Expo CLI or NODE_ENV is set. Using only .env.local and .env
> Task :react-native-async-storage_async-storage:generateCodegenSchemaFromJavaScript
> Task :react-native-edge-to-edge:generateCodegenSchemaFromJavaScript
> Task :expo:generatePackagesList
> Task :expo:preBuild
> Task :react-native-async-storage_async-storage:generateCodegenArtifactsFromSchema
> Task :react-native-async-storage_async-storage:preBuild
> Task :react-native-linear-gradient:preBuild UP-TO-DATE
> Task :react-native-reanimated:assertMinimalReactNativeVersionTask SKIPPED
> Task :react-native-edge-to-edge:generateCodegenArtifactsFromSchema
> Task :react-native-edge-to-edge:preBuild
> Task :react-native-gesture-handler:generateCodegenSchemaFromJavaScript
> Task :react-native-reanimated:generateCodegenSchemaFromJavaScript
> Task :react-native-safe-area-context:generateCodegenSchemaFromJavaScript
> Task :react-native-gesture-handler:generateCodegenArtifactsFromSchema
> Task :react-native-gesture-handler:preBuild
> Task :react-native-reanimated:generateCodegenArtifactsFromSchema
> Task :react-native-reanimated:prepareReanimatedHeadersForPrefabs
> Task :react-native-reanimated:prepareWorkletsHeadersForPrefabs
> Task :react-native-reanimated:preBuild
> Task :react-native-safe-area-context:generateCodegenArtifactsFromSchema
> Task :react-native-safe-area-context:preBuild
> Task :react-native-screens:generateCodegenSchemaFromJavaScript
> Task :react-native-svg:generateCodegenSchemaFromJavaScript
> Task :react-native-webview:generateCodegenSchemaFromJavaScript
> Task :react-native-screens:generateCodegenArtifactsFromSchema
> Task :react-native-screens:preBuild
> Task :react-native-webview:generateCodegenArtifactsFromSchema
> Task :react-native-webview:preBuild
> Task :expo:preReleaseBuild
> Task :react-native-svg:generateCodegenArtifactsFromSchema
> Task :react-native-svg:preBuild
> Task :expo-constants:preReleaseBuild
> Task :expo:generateReleaseResValues
> Task :expo-constants:generateReleaseResValues
> Task :expo:generateReleaseResources
> Task :expo-constants:generateReleaseResources
> Task :expo:packageReleaseResources
> Task :expo-modules-core:preReleaseBuild UP-TO-DATE
> Task :expo-constants:packageReleaseResources
> Task :react-native-async-storage_async-storage:preReleaseBuild
> Task :react-native-async-storage_async-storage:generateReleaseResValues
> Task :expo-modules-core:generateReleaseResValues
> Task :react-native-async-storage_async-storage:generateReleaseResources
> Task :expo-modules-core:generateReleaseResources
> Task :react-native-async-storage_async-storage:packageReleaseResources
> Task :react-native-edge-to-edge:preReleaseBuild
> Task :react-native-edge-to-edge:generateReleaseResValues
> Task :expo-modules-core:packageReleaseResources
> Task :react-native-gesture-handler:preReleaseBuild
> Task :react-native-edge-to-edge:generateReleaseResources
> Task :react-native-gesture-handler:generateReleaseResValues
> Task :react-native-gesture-handler:generateReleaseResources
> Task :stripe_stripe-react-native:generateCodegenSchemaFromJavaScript
> Task :react-native-gesture-handler:packageReleaseResources
> Task :react-native-linear-gradient:preReleaseBuild UP-TO-DATE
> Task :react-native-linear-gradient:generateReleaseResValues
> Task :react-native-linear-gradient:generateReleaseResources
> Task :react-native-linear-gradient:packageReleaseResources
> Task :react-native-reanimated:preReleaseBuild
> Task :react-native-reanimated:generateReleaseResValues
> Task :react-native-reanimated:generateReleaseResources
> Task :react-native-reanimated:packageReleaseResources
> Task :react-native-safe-area-context:preReleaseBuild
> Task :react-native-safe-area-context:generateReleaseResValues
> Task :react-native-safe-area-context:generateReleaseResources
> Task :react-native-safe-area-context:packageReleaseResources
> Task :react-native-screens:preReleaseBuild
> Task :react-native-screens:generateReleaseResValues
> Task :react-native-screens:generateReleaseResources
> Task :app:createBundleReleaseJsAndAssets
Starting Metro Bundler
> Task :react-native-edge-to-edge:packageReleaseResources
> Task :react-native-svg:preReleaseBuild
> Task :react-native-svg:generateReleaseResValues
> Task :react-native-svg:generateReleaseResources
> Task :react-native-screens:packageReleaseResources
> Task :react-native-webview:preReleaseBuild
> Task :react-native-webview:generateReleaseResValues
> Task :react-native-svg:packageReleaseResources
> Task :expo:extractDeepLinksRelease
> Task :react-native-webview:generateReleaseResources
> Task :react-native-webview:packageReleaseResources
> Task :expo-constants:extractDeepLinksRelease
> Task :expo:processReleaseManifest
> Task :expo-constants:processReleaseManifest
> Task :react-native-async-storage_async-storage:extractDeepLinksRelease
> Task :expo-modules-core:extractDeepLinksRelease
> Task :react-native-async-storage_async-storage:processReleaseManifest
package="com.reactnativecommunity.asyncstorage" found in source AndroidManifest.xml: /home/expo/workingdir/build/frontend/node_modules/@react-native-async-storage/async-storage/android/src/main/AndroidManifest.xml.
Setting the namespace via the package attribute in the source AndroidManifest.xml is no longer supported, and the value is ignored.
Recommendation: remove package="com.reactnativecommunity.asyncstorage" from the source AndroidManifest.xml: /home/expo/workingdir/build/frontend/node_modules/@react-native-async-storage/async-storage/android/src/main/AndroidManifest.xml.
> Task :react-native-edge-to-edge:extractDeepLinksRelease
> Task :expo-modules-core:processReleaseManifest
/home/expo/workingdir/build/frontend/node_modules/expo-modules-core/android/src/main/AndroidManifest.xml:8:9-11:45 Warning:
	meta-data#com.facebook.soloader.enabled@android:value was tagged at AndroidManifest.xml:8 to replace other declarations but no other declaration present
> Task :react-native-gesture-handler:extractDeepLinksRelease
> Task :react-native-edge-to-edge:processReleaseManifest
> Task :stripe_stripe-react-native:generateCodegenArtifactsFromSchema
> Task :stripe_stripe-react-native:preBuild
> Task :stripe_stripe-react-native:preReleaseBuild
> Task :react-native-linear-gradient:extractDeepLinksRelease
> Task :react-native-gesture-handler:processReleaseManifest
> Task :stripe_stripe-react-native:generateReleaseResValues
> Task :react-native-reanimated:extractDeepLinksRelease
> Task :stripe_stripe-react-native:generateReleaseResources
> Task :react-native-linear-gradient:processReleaseManifest
package="com.BV.LinearGradient" found in source AndroidManifest.xml: /home/expo/workingdir/build/frontend/node_modules/react-native-linear-gradient/android/src/main/AndroidManifest.xml.
Setting the namespace via the package attribute in the source AndroidManifest.xml is no longer supported, and the value is ignored.
Recommendation: remove package="com.BV.LinearGradient" from the source AndroidManifest.xml: /home/expo/workingdir/build/frontend/node_modules/react-native-linear-gradient/android/src/main/AndroidManifest.xml.
> Task :react-native-reanimated:processReleaseManifest
> Task :react-native-screens:extractDeepLinksRelease
> Task :react-native-safe-area-context:extractDeepLinksRelease
> Task :stripe_stripe-react-native:packageReleaseResources
> Task :react-native-screens:processReleaseManifest
> Task :react-native-svg:extractDeepLinksRelease
> Task :react-native-safe-area-context:processReleaseManifest
package="com.th3rdwave.safeareacontext" found in source AndroidManifest.xml: /home/expo/workingdir/build/frontend/node_modules/react-native-safe-area-context/android/src/main/AndroidManifest.xml.
Setting the namespace via the package attribute in the source AndroidManifest.xml is no longer supported, and the value is ignored.
Recommendation: remove package="com.th3rdwave.safeareacontext" from the source AndroidManifest.xml: /home/expo/workingdir/build/frontend/node_modules/react-native-safe-area-context/android/src/main/AndroidManifest.xml.
> Task :react-native-webview:extractDeepLinksRelease
> Task :stripe_stripe-react-native:extractDeepLinksRelease
> Task :react-native-svg:processReleaseManifest
> Task :react-native-webview:processReleaseManifest
> Task :stripe_stripe-react-native:processReleaseManifest
package="com.reactnativestripesdk" found in source AndroidManifest.xml: /home/expo/workingdir/build/frontend/node_modules/@stripe/stripe-react-native/android/src/main/AndroidManifest.xml.
Setting the namespace via the package attribute in the source AndroidManifest.xml is no longer supported, and the value is ignored.
Recommendation: remove package="com.reactnativestripesdk" from the source AndroidManifest.xml: /home/expo/workingdir/build/frontend/node_modules/@stripe/stripe-react-native/android/src/main/AndroidManifest.xml.
> Task :expo:writeReleaseAarMetadata
> Task :expo-constants:writeReleaseAarMetadata
> Task :react-native-async-storage_async-storage:writeReleaseAarMetadata
> Task :expo-modules-core:writeReleaseAarMetadata
> Task :react-native-edge-to-edge:writeReleaseAarMetadata
> Task :react-native-linear-gradient:writeReleaseAarMetadata
> Task :react-native-reanimated:writeReleaseAarMetadata
> Task :react-native-gesture-handler:writeReleaseAarMetadata
> Task :react-native-screens:writeReleaseAarMetadata
> Task :react-native-svg:writeReleaseAarMetadata
> Task :react-native-safe-area-context:writeReleaseAarMetadata
> Task :stripe_stripe-react-native:writeReleaseAarMetadata
> Task :react-native-webview:writeReleaseAarMetadata
> Task :expo:compileReleaseLibraryResources
> Task :expo-modules-core:compileReleaseLibraryResources
> Task :expo-constants:compileReleaseLibraryResources
> Task :expo-modules-core:parseReleaseLocalResources
> Task :expo:parseReleaseLocalResources
> Task :expo-constants:parseReleaseLocalResources
> Task :expo-modules-core:generateReleaseRFile
> Task :expo-constants:generateReleaseRFile
> Task :expo:generateReleaseRFile
> Task :react-native-gesture-handler:compileReleaseLibraryResources
> Task :react-native-async-storage_async-storage:compileReleaseLibraryResources
> Task :react-native-edge-to-edge:compileReleaseLibraryResources
> Task :react-native-async-storage_async-storage:parseReleaseLocalResources
> Task :react-native-gesture-handler:parseReleaseLocalResources
> Task :react-native-async-storage_async-storage:generateReleaseRFile
> Task :react-native-gesture-handler:generateReleaseRFile
> Task :react-native-edge-to-edge:parseReleaseLocalResources
> Task :react-native-linear-gradient:compileReleaseLibraryResources
> Task :react-native-reanimated:compileReleaseLibraryResources
> Task :react-native-linear-gradient:parseReleaseLocalResources
> Task :react-native-edge-to-edge:generateReleaseRFile
> Task :react-native-linear-gradient:generateReleaseRFile
> Task :react-native-reanimated:parseReleaseLocalResources
> Task :react-native-safe-area-context:compileReleaseLibraryResources
> Task :react-native-safe-area-context:parseReleaseLocalResources
> Task :react-native-reanimated:generateReleaseRFile
> Task :react-native-screens:parseReleaseLocalResources
> Task :react-native-safe-area-context:generateReleaseRFile
> Task :react-native-screens:compileReleaseLibraryResources
> Task :react-native-svg:compileReleaseLibraryResources
> Task :react-native-webview:compileReleaseLibraryResources
> Task :react-native-screens:generateReleaseRFile
> Task :react-native-svg:parseReleaseLocalResources
> Task :react-native-webview:parseReleaseLocalResources
> Task :stripe_stripe-react-native:compileReleaseLibraryResources
> Task :react-native-svg:generateReleaseRFile
> Task :react-native-gesture-handler:checkKotlinGradlePluginConfigurationErrors SKIPPED
> Task :react-native-webview:generateReleaseRFile
> Task :stripe_stripe-react-native:checkKotlinGradlePluginConfigurationErrors SKIPPED
> Task :stripe_stripe-react-native:parseReleaseLocalResources
> Task :react-native-gesture-handler:generateReleaseBuildConfig
> Task :react-native-reanimated:generateReleaseBuildConfig
> Task :react-native-reanimated:javaPreCompileRelease
> Task :react-native-reanimated:packageNdkLibs NO-SOURCE
> Task :app:createBundleReleaseJsAndAssets
Android node_modules/expo-router/entry.js â–“â–“â–“â–“â–“â–“â–“â–“â–“â–“â–“â–“â–“â–“â–‘â–‘ 90.1% (1296/1365)
Android Bundled 2556ms node_modules/expo-router/entry.js (1522 modules)
Writing bundle output to: /home/expo/workingdir/build/frontend/android/app/build/generated/assets/createBundleReleaseJsAndAssets/index.android.bundle
Writing sourcemap output to: /home/expo/workingdir/build/frontend/android/app/build/intermediates/sourcemaps/react/release/index.android.bundle.packager.map
Copying 45 asset files
Done writing bundle output
Done writing sourcemap output
> Task :react-native-gesture-handler:javaPreCompileRelease
> Task :react-native-safe-area-context:checkKotlinGradlePluginConfigurationErrors SKIPPED
> Task :react-native-safe-area-context:generateReleaseBuildConfig
> Task :react-native-reanimated:compileReleaseJavaWithJavac
/home/expo/workingdir/build/frontend/node_modules/react-native-reanimated/android/src/main/java/com/swmansion/reanimated/ReanimatedPackage.java:79: error: cannot find symbol
    Systrace.beginSection(Systrace.TRACE_TAG_REACT_JAVA_BRIDGE, "createUIManagerModule");
                                  ^
  symbol:   variable TRACE_TAG_REACT_JAVA_BRIDGE
location: class Systrace
/home/expo/workingdir/build/frontend/node_modules/react-native-reanimated/android/src/main/java/com/swmansion/reanimated/ReanimatedPackage.java:87: error: cannot find symbol
      Systrace.endSection(Systrace.TRACE_TAG_REACT_JAVA_BRIDGE);
                                  ^
  symbol:   variable TRACE_TAG_REACT_JAVA_BRIDGE
  location: class Systrace
/home/expo/workingdir/build/frontend/node_modules/react-native-reanimated/android/src/reactNativeVersionPatch/BorderRadiiDrawableUtils/latest/com/swmansion/reanimated/BorderRadiiDrawableUtils.java:21: error: method resolve in class LengthPercentage cannot be applied to given types;
    return length.resolve(bounds.width(), bounds.height()).toPixelFromDIP().getHorizontal();
                 ^
  required: float
  found:    int,int
  reason: actual and formal argument lists differ in length
Note: Some input files use or override a deprecated API.
Note: Recompile with -Xlint:deprecation for details.
Note: Some input files use unchecked or unsafe operations.
Note: Recompile with -Xlint:unchecked for details.
3 errors
> Task :react-native-reanimated:compileReleaseJavaWithJavac FAILED
> Task :react-native-safe-area-context:compileReleaseKotlin
w: file:///home/expo/workingdir/build/frontend/node_modules/react-native-safe-area-context/android/src/main/java/com/th3rdwave/safeareacontext/SafeAreaView.kt:59:23 'val uiImplementation: UIImplementation!' is deprecated. Deprecated in Java.
> Task :stripe_stripe-react-native:dataBindingMergeDependencyArtifactsRelease
[Incubating] Problems report is available at: file:///home/expo/workingdir/build/frontend/android/build/reports/problems/problems-report.html
FAILURE: Build failed with an exception.
* What went wrong:
Execution failed for task ':react-native-reanimated:compileReleaseJavaWithJavac'.
> Compilation failed; see the compiler output below.
  /home/expo/workingdir/build/frontend/node_modules/react-native-reanimated/android/src/reactNativeVersionPatch/BorderRadiiDrawableUtils/latest/com/swmansion/reanimated/BorderRadiiDrawableUtils.java:21: error: method resolve in class LengthPercentage cannot be applied to given types;
      return length.resolve(bounds.width(), bounds.height()).toPixelFromDIP().getHorizontal();
                   ^
    required: float
    found:    int,int
    reason: actual and formal argument lists differ in length
  Note: Recompile with -Xlint:deprecation for details.
  /home/expo/workingdir/build/frontend/node_modules/react-native-reanimated/android/src/main/java/com/swmansion/reanimated/ReanimatedPackage.java:79: error: cannot find symbol
      Systrace.beginSection(Systrace.TRACE_TAG_REACT_JAVA_BRIDGE, "createUIManagerModule");
                                    ^
    symbol:   variable TRACE_TAG_REACT_JAVA_BRIDGE
    location: class Systrace
  /home/expo/workingdir/build/frontend/node_modules/react-native-reanimated/android/src/main/java/com/swmansion/reanimated/ReanimatedPackage.java:87: error: cannot find symbol
        Systrace.endSection(Systrace.TRACE_TAG_REACT_JAVA_BRIDGE);
^
    symbol:   variable TRACE_TAG_REACT_JAVA_BRIDGE
    location: class Systrace
  Note: Recompile with -Xlint:unchecked for details.
  Note: Some input files use or override a deprecated API.
  Note: Some input files use unchecked or unsafe operations.
  3 errors
* Try:
> Check your code and dependencies to fix the compilation error(s)
> Run with --scan to get full insights.
BUILD FAILED in 2m 21s
Deprecated Gradle features were used in this build, making it incompatible with Gradle 9.0.
You can use '--warning-mode all' to show the individual deprecation warnings and determine if they come from your own scripts or plugins.
For more on this, please refer to https://docs.gradle.org/8.14.3/userguide/command_line_interface.html#sec:command_line_warnings in the Gradle documentation.
171 actionable tasks: 171 executed
Error: Gradle build failed with unknown error. See logs for the "Run gradlew" phase for more information.